<?xml version="1.0" encoding="UTF-8"?>
<coverage generated="1746196955319" clover="3.2.0">
  <project timestamp="1746196955319" name="All files">
    <metrics statements="34" coveredstatements="33" conditionals="52" coveredconditionals="42" methods="11" coveredmethods="11" elements="97" coveredelements="86" complexity="0" loc="34" ncloc="34" packages="1" files="4" classes="4"/>
    <file name="arbol.js" path="C:\wamp64\www\Proyecto Reforest\arbol.js">
      <metrics statements="7" coveredstatements="7" conditionals="2" coveredconditionals="2" methods="4" coveredmethods="4"/>
      <line num="2" count="2" type="cond" truecount="2" falsecount="0"/>
      <line num="6" count="2" type="stmt"/>
      <line num="7" count="2" type="stmt"/>
      <line num="11" count="1" type="stmt"/>
      <line num="15" count="2" type="stmt"/>
      <line num="16" count="2" type="stmt"/>
      <line num="18" count="1" type="stmt"/>
    </file>
    <file name="especie.js" path="C:\wamp64\www\Proyecto Reforest\especie.js">
      <metrics statements="8" coveredstatements="8" conditionals="22" coveredconditionals="17" methods="1" coveredmethods="1"/>
      <line num="2" count="2" type="cond" truecount="3" falsecount="1"/>
      <line num="3" count="2" type="cond" truecount="4" falsecount="0"/>
      <line num="4" count="1" type="cond" truecount="1" falsecount="1"/>
      <line num="5" count="1" type="cond" truecount="3" falsecount="1"/>
      <line num="6" count="1" type="cond" truecount="3" falsecount="1"/>
      <line num="7" count="1" type="cond" truecount="3" falsecount="1"/>
      <line num="8" count="1" type="stmt"/>
      <line num="11" count="1" type="stmt"/>
    </file>
    <file name="testSuite.js" path="C:\wamp64\www\Proyecto Reforest\testSuite.js">
      <metrics statements="8" coveredstatements="8" conditionals="8" coveredconditionals="8" methods="3" coveredmethods="3"/>
      <line num="2" count="4" type="cond" truecount="2" falsecount="0"/>
      <line num="3" count="3" type="cond" truecount="2" falsecount="0"/>
      <line num="4" count="2" type="cond" truecount="2" falsecount="0"/>
      <line num="5" count="1" type="stmt"/>
      <line num="9" count="3" type="stmt"/>
      <line num="13" count="3" type="cond" truecount="2" falsecount="0"/>
      <line num="14" count="2" type="stmt"/>
      <line num="17" count="1" type="stmt"/>
    </file>
    <file name="utils.js" path="C:\wamp64\www\Proyecto Reforest\utils.js">
      <metrics statements="11" coveredstatements="10" conditionals="20" coveredconditionals="15" methods="3" coveredmethods="3"/>
      <line num="4" count="1" type="stmt"/>
      <line num="5" count="1" type="cond" truecount="1" falsecount="1"/>
      <line num="6" count="0" type="stmt"/>
      <line num="10" count="1" type="stmt"/>
      <line num="14" count="2" type="cond" truecount="3" falsecount="1"/>
      <line num="15" count="2" type="cond" truecount="4" falsecount="0"/>
      <line num="16" count="1" type="cond" truecount="1" falsecount="1"/>
      <line num="17" count="1" type="cond" truecount="3" falsecount="1"/>
      <line num="18" count="1" type="cond" truecount="3" falsecount="1"/>
      <line num="19" count="1" type="stmt"/>
      <line num="22" count="1" type="stmt"/>
    </file>
  </project>
</coverage>
